1757425257657:exit
1757425545244:aa
1757425583830:ab
1757425667911:bbid 2
1757425741980:ab
1757426329177:aa
1757426338780:ab
1757426410961:acbb 1
1757426423020:acbb 2
1757428208143:aa
1757428227060:ab
1757428247536:bbid
1757428259010:bbid 2
1757428330559:bins 1 1,6
1757428399701:bins "Book 4", 4, [4]
1757428428141:bins "Book 4", 4, {3,4}
1757428470081:bins "Book4",4L,{3L,4L}
1757428509814:bins "ww", 4, 3
1757428545162:bins "qq" 4, "3"
1757428579721:bins "ww", 4, (3,4)
1757428653771:bins newBook 1 1,6
1757429610060:bupd 4 editBokk 3 2,5
1757429676612:ab
1757429811093:bdel 2
1757429853346:bdel 4
1757429858182:ab
1757449479998:bdel 3
1757449594647:bdel 1
1757449638810:ab
1757449653638:acbb 1
1757449690893:cbid
1757449702544:cdid 1
1757449711423:cbid 1
1757450885413:acbb 1
1757450893021:bdel 1
1757450903574:acbb 1
1757451047361:ab
1757451170163:cins Comment3, 1
1757451182207:acbb 1
1757451239911:cupd 3 Comment3 1
1757451248720:acbb 1
1757451383216:cdel 1
1757451438559:bdel 1
1757451442416:ab
1757451484616:cdel 1
1757451652646:acbb 1
1757451663602:cdel 2
1757452297725:ab
1757452495366:cdel 3
1757452831779:ab
1757452846842:bdel 5
1757453203819:ab
1757453212161:bbid 2
1757453222462:bbid 5
1757453502371:bdel 4
1757453594837:bdel 5
1757453790572:cdel 7
1757453822066:cbid 8
1757536773165:ab
1757537429735:ag
1757537497736:bins newBook 3 1,5
1757537507880:ab
1757537544169:ag
1757626088416:ac
1757626099450:ab
1757626120367:acbb 2
1757626126470:acbb 1
1757626170743:cins Comment 1 2
1757626184341:acbb 1
1757626210496:cins "Comment 1", 2
1757626240318:cins "Comment 1" 2
1757626253463:acbb 2
1757717044088:aa
1757717062596:ag
1758224241686:ab
1758224279109:bbid 1
1758224305371:ab
1758227027946:ac
1758227050443:cbid 1
1758227085455:cupd 2 CommentUpd
1758227140047:cbid 2
1758228793892:bbid 1
1758608146729:ab
1758732732044:bbid 1
1758732775272:bins newBook 1 1,6
1758732853424:bupd editedBook 3 2,5
1758732910680:bdel 3
1758733794293:ab
1758733813163:bbid 1
1758733846296:bins 1 1,6
1758734130253:bins newBook 1 1,6
1758734140092:ab
1758734156802:bbid 3
1758734201654:bins myBook 2 1,4
1758734239518:bupd 4 editedBook 3 2,5
1758734900829:bupd 3 editedBook 3 2,5
1758829257464:aa
1758829263549:ab
1758829282345:bbid 1
1758829319074:bins newBook 1 1,6
1758829362444:bupd editB 3 2,5
1758829387178:bupd 4 eee 3 2,5
1758829425108:bdel 3
1758829449760:cbid 1
1758829464048:acbb
1758829474304:acbb 1
1758829493227:cins comm3 1
1758829524880:cupd 2 vv 1
1758829540879:acbb 1
1758829560192:cdel 1
1758829574968:acbb 1
